<?xml version="1.0" encoding="UTF-8"?>
<testsuite xmlns:xsi="http://www.w3.org/2001/XMLSchema-instance" xsi:noNamespaceSchemaLocation="https://maven.apache.org/surefire/maven-surefire-plugin/xsd/surefire-test-report.xsd" name="vip.wqby.ccitserver.CcitserverApplicationTests" time="3.125" tests="5" errors="0" skipped="0" failures="0">
  <properties>
    <property name="sun.desktop" value="windows"/>
    <property name="awt.toolkit" value="sun.awt.windows.WToolkit"/>
    <property name="file.encoding.pkg" value="sun.io"/>
    <property name="java.specification.version" value="1.8"/>
    <property name="sun.cpu.isalist" value="amd64"/>
    <property name="sun.jnu.encoding" value="GBK"/>
    <property name="java.class.path" value="F:\ccitserver\target\test-classes;F:\ccitserver\target\classes;C:\Users\Administrator\.m2\repository\org\springframework\boot\spring-boot-starter-web\2.6.6\spring-boot-starter-web-2.6.6.jar;C:\Users\Administrator\.m2\repository\org\springframework\boot\spring-boot-starter\2.6.6\spring-boot-starter-2.6.6.jar;C:\Users\Administrator\.m2\repository\org\springframework\boot\spring-boot\2.6.6\spring-boot-2.6.6.jar;C:\Users\Administrator\.m2\repository\org\springframework\boot\spring-boot-autoconfigure\2.6.6\spring-boot-autoconfigure-2.6.6.jar;C:\Users\Administrator\.m2\repository\org\springframework\boot\spring-boot-starter-logging\2.6.6\spring-boot-starter-logging-2.6.6.jar;C:\Users\Administrator\.m2\repository\ch\qos\logback\logback-classic\1.2.11\logback-classic-1.2.11.jar;C:\Users\Administrator\.m2\repository\ch\qos\logback\logback-core\1.2.11\logback-core-1.2.11.jar;C:\Users\Administrator\.m2\repository\org\apache\logging\log4j\log4j-to-slf4j\2.17.2\log4j-to-slf4j-2.17.2.jar;C:\Users\Administrator\.m2\repository\org\apache\logging\log4j\log4j-api\2.17.2\log4j-api-2.17.2.jar;C:\Users\Administrator\.m2\repository\org\slf4j\jul-to-slf4j\1.7.36\jul-to-slf4j-1.7.36.jar;C:\Users\Administrator\.m2\repository\jakarta\annotation\jakarta.annotation-api\1.3.5\jakarta.annotation-api-1.3.5.jar;C:\Users\Administrator\.m2\repository\org\yaml\snakeyaml\1.29\snakeyaml-1.29.jar;C:\Users\Administrator\.m2\repository\org\springframework\boot\spring-boot-starter-json\2.6.6\spring-boot-starter-json-2.6.6.jar;C:\Users\Administrator\.m2\repository\com\fasterxml\jackson\core\jackson-databind\2.13.2.2\jackson-databind-2.13.2.2.jar;C:\Users\Administrator\.m2\repository\com\fasterxml\jackson\core\jackson-annotations\2.13.2\jackson-annotations-2.13.2.jar;C:\Users\Administrator\.m2\repository\com\fasterxml\jackson\core\jackson-core\2.13.2\jackson-core-2.13.2.jar;C:\Users\Administrator\.m2\repository\com\fasterxml\jackson\datatype\jackson-datatype-jdk8\2.13.2\jackson-datatype-jdk8-2.13.2.jar;C:\Users\Administrator\.m2\repository\com\fasterxml\jackson\datatype\jackson-datatype-jsr310\2.13.2\jackson-datatype-jsr310-2.13.2.jar;C:\Users\Administrator\.m2\repository\com\fasterxml\jackson\module\jackson-module-parameter-names\2.13.2\jackson-module-parameter-names-2.13.2.jar;C:\Users\Administrator\.m2\repository\org\springframework\boot\spring-boot-starter-tomcat\2.6.6\spring-boot-starter-tomcat-2.6.6.jar;C:\Users\Administrator\.m2\repository\org\apache\tomcat\embed\tomcat-embed-core\9.0.60\tomcat-embed-core-9.0.60.jar;C:\Users\Administrator\.m2\repository\org\apache\tomcat\embed\tomcat-embed-el\9.0.60\tomcat-embed-el-9.0.60.jar;C:\Users\Administrator\.m2\repository\org\apache\tomcat\embed\tomcat-embed-websocket\9.0.60\tomcat-embed-websocket-9.0.60.jar;C:\Users\Administrator\.m2\repository\org\springframework\spring-web\5.3.18\spring-web-5.3.18.jar;C:\Users\Administrator\.m2\repository\org\springframework\spring-beans\5.3.18\spring-beans-5.3.18.jar;C:\Users\Administrator\.m2\repository\org\springframework\spring-webmvc\5.3.18\spring-webmvc-5.3.18.jar;C:\Users\Administrator\.m2\repository\org\springframework\spring-aop\5.3.18\spring-aop-5.3.18.jar;C:\Users\Administrator\.m2\repository\org\springframework\spring-context\5.3.18\spring-context-5.3.18.jar;C:\Users\Administrator\.m2\repository\org\springframework\spring-expression\5.3.18\spring-expression-5.3.18.jar;C:\Users\Administrator\.m2\repository\org\springframework\boot\spring-boot-starter-test\2.6.6\spring-boot-starter-test-2.6.6.jar;C:\Users\Administrator\.m2\repository\org\springframework\boot\spring-boot-test\2.6.6\spring-boot-test-2.6.6.jar;C:\Users\Administrator\.m2\repository\org\springframework\boot\spring-boot-test-autoconfigure\2.6.6\spring-boot-test-autoconfigure-2.6.6.jar;C:\Users\Administrator\.m2\repository\com\jayway\jsonpath\json-path\2.6.0\json-path-2.6.0.jar;C:\Users\Administrator\.m2\repository\net\minidev\json-smart\2.4.8\json-smart-2.4.8.jar;C:\Users\Administrator\.m2\repository\net\minidev\accessors-smart\2.4.8\accessors-smart-2.4.8.jar;C:\Users\Administrator\.m2\repository\org\ow2\asm\asm\9.1\asm-9.1.jar;C:\Users\Administrator\.m2\repository\org\slf4j\slf4j-api\1.7.36\slf4j-api-1.7.36.jar;C:\Users\Administrator\.m2\repository\jakarta\xml\bind\jakarta.xml.bind-api\2.3.3\jakarta.xml.bind-api-2.3.3.jar;C:\Users\Administrator\.m2\repository\jakarta\activation\jakarta.activation-api\1.2.2\jakarta.activation-api-1.2.2.jar;C:\Users\Administrator\.m2\repository\org\assertj\assertj-core\3.21.0\assertj-core-3.21.0.jar;C:\Users\Administrator\.m2\repository\org\hamcrest\hamcrest\2.2\hamcrest-2.2.jar;C:\Users\Administrator\.m2\repository\org\junit\jupiter\junit-jupiter\5.8.2\junit-jupiter-5.8.2.jar;C:\Users\Administrator\.m2\repository\org\junit\jupiter\junit-jupiter-api\5.8.2\junit-jupiter-api-5.8.2.jar;C:\Users\Administrator\.m2\repository\org\opentest4j\opentest4j\1.2.0\opentest4j-1.2.0.jar;C:\Users\Administrator\.m2\repository\org\junit\platform\junit-platform-commons\1.8.2\junit-platform-commons-1.8.2.jar;C:\Users\Administrator\.m2\repository\org\apiguardian\apiguardian-api\1.1.2\apiguardian-api-1.1.2.jar;C:\Users\Administrator\.m2\repository\org\junit\jupiter\junit-jupiter-params\5.8.2\junit-jupiter-params-5.8.2.jar;C:\Users\Administrator\.m2\repository\org\junit\jupiter\junit-jupiter-engine\5.8.2\junit-jupiter-engine-5.8.2.jar;C:\Users\Administrator\.m2\repository\org\junit\platform\junit-platform-engine\1.8.2\junit-platform-engine-1.8.2.jar;C:\Users\Administrator\.m2\repository\org\mockito\mockito-core\4.0.0\mockito-core-4.0.0.jar;C:\Users\Administrator\.m2\repository\net\bytebuddy\byte-buddy\1.11.22\byte-buddy-1.11.22.jar;C:\Users\Administrator\.m2\repository\net\bytebuddy\byte-buddy-agent\1.11.22\byte-buddy-agent-1.11.22.jar;C:\Users\Administrator\.m2\repository\org\mockito\mockito-junit-jupiter\4.0.0\mockito-junit-jupiter-4.0.0.jar;C:\Users\Administrator\.m2\repository\org\skyscreamer\jsonassert\1.5.0\jsonassert-1.5.0.jar;C:\Users\Administrator\.m2\repository\com\vaadin\external\google\android-json\0.0.20131108.vaadin1\android-json-0.0.20131108.vaadin1.jar;C:\Users\Administrator\.m2\repository\org\springframework\spring-core\5.3.18\spring-core-5.3.18.jar;C:\Users\Administrator\.m2\repository\org\springframework\spring-jcl\5.3.18\spring-jcl-5.3.18.jar;C:\Users\Administrator\.m2\repository\org\springframework\spring-test\5.3.18\spring-test-5.3.18.jar;C:\Users\Administrator\.m2\repository\org\xmlunit\xmlunit-core\2.8.4\xmlunit-core-2.8.4.jar;C:\Users\Administrator\.m2\repository\org\springframework\boot\spring-boot-starter-data-mongodb\2.6.6\spring-boot-starter-data-mongodb-2.6.6.jar;C:\Users\Administrator\.m2\repository\org\mongodb\mongodb-driver-sync\4.4.2\mongodb-driver-sync-4.4.2.jar;C:\Users\Administrator\.m2\repository\org\mongodb\bson\4.4.2\bson-4.4.2.jar;C:\Users\Administrator\.m2\repository\org\mongodb\mongodb-driver-core\4.4.2\mongodb-driver-core-4.4.2.jar;C:\Users\Administrator\.m2\repository\org\springframework\data\spring-data-mongodb\3.3.3\spring-data-mongodb-3.3.3.jar;C:\Users\Administrator\.m2\repository\org\springframework\spring-tx\5.3.18\spring-tx-5.3.18.jar;C:\Users\Administrator\.m2\repository\org\springframework\data\spring-data-commons\2.6.3\spring-data-commons-2.6.3.jar;C:\Users\Administrator\.m2\repository\org\projectlombok\lombok\1.18.22\lombok-1.18.22.jar;C:\Users\Administrator\.m2\repository\com\alibaba\fastjson\1.2.80\fastjson-1.2.80.jar;C:\Users\Administrator\.m2\repository\com\squareup\okhttp3\okhttp\3.14.9\okhttp-3.14.9.jar;C:\Users\Administrator\.m2\repository\com\squareup\okio\okio\1.17.2\okio-1.17.2.jar;C:\Users\Administrator\.m2\repository\co\paralleluniverse\quasar-core\0.8.0\quasar-core-0.8.0.jar;C:\Users\Administrator\.m2\repository\io\dropwizard\metrics\metrics-core\4.2.9\metrics-core-4.2.9.jar;C:\Users\Administrator\.m2\repository\io\dropwizard\metrics\metrics-jmx\4.2.9\metrics-jmx-4.2.9.jar;C:\Users\Administrator\.m2\repository\com\google\errorprone\error_prone_annotations\2.3.2\error_prone_annotations-2.3.2.jar;C:\Users\Administrator\.m2\repository\com\google\guava\guava\26.0-jre\guava-26.0-jre.jar;C:\Users\Administrator\.m2\repository\com\google\code\findbugs\jsr305\3.0.2\jsr305-3.0.2.jar;C:\Users\Administrator\.m2\repository\com\google\j2objc\j2objc-annotations\1.1\j2objc-annotations-1.1.jar;C:\Users\Administrator\.m2\repository\org\codehaus\mojo\animal-sniffer-annotations\1.14\animal-sniffer-annotations-1.14.jar;C:\Users\Administrator\.m2\repository\org\hdrhistogram\HdrHistogram\2.1.10\HdrHistogram-2.1.10.jar;C:\Users\Administrator\.m2\repository\org\latencyutils\LatencyUtils\2.0.3\LatencyUtils-2.0.3.jar;C:\Users\Administrator\.m2\repository\org\objenesis\objenesis\2.6\objenesis-2.6.jar;C:\Users\Administrator\.m2\repository\com\esotericsoftware\kryo\4.0.2\kryo-4.0.2.jar;C:\Users\Administrator\.m2\repository\com\esotericsoftware\reflectasm\1.11.3\reflectasm-1.11.3.jar;C:\Users\Administrator\.m2\repository\com\esotericsoftware\minlog\1.3.0\minlog-1.3.0.jar;C:\Users\Administrator\.m2\repository\de\javakaffee\kryo-serializers\0.42\kryo-serializers-0.42.jar;C:\Users\Administrator\.m2\repository\org\springframework\boot\spring-boot-starter-mail\2.6.6\spring-boot-starter-mail-2.6.6.jar;C:\Users\Administrator\.m2\repository\org\springframework\spring-context-support\5.3.18\spring-context-support-5.3.18.jar;C:\Users\Administrator\.m2\repository\com\sun\mail\jakarta.mail\1.6.7\jakarta.mail-1.6.7.jar;C:\Users\Administrator\.m2\repository\com\sun\activation\jakarta.activation\1.2.2\jakarta.activation-1.2.2.jar;C:\Users\Administrator\.m2\repository\com\tencentcloudapi\tencentcloud-sdk-java\3.1.270\tencentcloud-sdk-java-3.1.270.jar;C:\Users\Administrator\.m2\repository\commons-logging\commons-logging\1.2\commons-logging-1.2.jar;C:\Users\Administrator\.m2\repository\com\squareup\okhttp\okhttp\2.5.0\okhttp-2.5.0.jar;C:\Users\Administrator\.m2\repository\com\google\code\gson\gson\2.8.9\gson-2.8.9.jar;C:\Users\Administrator\.m2\repository\javax\xml\bind\jaxb-api\2.3.1\jaxb-api-2.3.1.jar;C:\Users\Administrator\.m2\repository\javax\activation\javax.activation-api\1.2.0\javax.activation-api-1.2.0.jar;C:\Users\Administrator\.m2\repository\com\squareup\okhttp\logging-interceptor\2.7.5\logging-interceptor-2.7.5.jar;C:\Users\Administrator\.m2\repository\org\jsoup\jsoup\1.14.3\jsoup-1.14.3.jar;C:\Users\Administrator\.m2\repository\commons-io\commons-io\2.4\commons-io-2.4.jar;C:\Users\Administrator\.m2\repository\org\springframework\boot\spring-boot-configuration-processor\2.6.6\spring-boot-configuration-processor-2.6.6.jar;"/>
    <property name="java.vm.vendor" value="Oracle Corporation"/>
    <property name="sun.arch.data.model" value="64"/>
    <property name="user.variant" value=""/>
    <property name="java.vendor.url" value="http://java.oracle.com/"/>
    <property name="user.timezone" value="Asia/Shanghai"/>
    <property name="java.vm.specification.version" value="1.8"/>
    <property name="os.name" value="Windows 10"/>
    <property name="user.country" value="CN"/>
    <property name="sun.java.launcher" value="SUN_STANDARD"/>
    <property name="sun.boot.library.path" value="D:\Environment\Java\jdk1.8.0_321\jre\bin"/>
    <property name="sun.java.command" value="C:\Users\ADMINI~1\AppData\Local\Temp\surefire5885962971594153668\surefirebooter7654658900685633081.jar C:\Users\Administrator\AppData\Local\Temp\surefire5885962971594153668 2022-04-25T00-05-52_514-jvmRun1 surefire6440511890925638260tmp surefire_08461792997809474544tmp"/>
    <property name="surefire.test.class.path" value="F:\ccitserver\target\test-classes;F:\ccitserver\target\classes;C:\Users\Administrator\.m2\repository\org\springframework\boot\spring-boot-starter-web\2.6.6\spring-boot-starter-web-2.6.6.jar;C:\Users\Administrator\.m2\repository\org\springframework\boot\spring-boot-starter\2.6.6\spring-boot-starter-2.6.6.jar;C:\Users\Administrator\.m2\repository\org\springframework\boot\spring-boot\2.6.6\spring-boot-2.6.6.jar;C:\Users\Administrator\.m2\repository\org\springframework\boot\spring-boot-autoconfigure\2.6.6\spring-boot-autoconfigure-2.6.6.jar;C:\Users\Administrator\.m2\repository\org\springframework\boot\spring-boot-starter-logging\2.6.6\spring-boot-starter-logging-2.6.6.jar;C:\Users\Administrator\.m2\repository\ch\qos\logback\logback-classic\1.2.11\logback-classic-1.2.11.jar;C:\Users\Administrator\.m2\repository\ch\qos\logback\logback-core\1.2.11\logback-core-1.2.11.jar;C:\Users\Administrator\.m2\repository\org\apache\logging\log4j\log4j-to-slf4j\2.17.2\log4j-to-slf4j-2.17.2.jar;C:\Users\Administrator\.m2\repository\org\apache\logging\log4j\log4j-api\2.17.2\log4j-api-2.17.2.jar;C:\Users\Administrator\.m2\repository\org\slf4j\jul-to-slf4j\1.7.36\jul-to-slf4j-1.7.36.jar;C:\Users\Administrator\.m2\repository\jakarta\annotation\jakarta.annotation-api\1.3.5\jakarta.annotation-api-1.3.5.jar;C:\Users\Administrator\.m2\repository\org\yaml\snakeyaml\1.29\snakeyaml-1.29.jar;C:\Users\Administrator\.m2\repository\org\springframework\boot\spring-boot-starter-json\2.6.6\spring-boot-starter-json-2.6.6.jar;C:\Users\Administrator\.m2\repository\com\fasterxml\jackson\core\jackson-databind\2.13.2.2\jackson-databind-2.13.2.2.jar;C:\Users\Administrator\.m2\repository\com\fasterxml\jackson\core\jackson-annotations\2.13.2\jackson-annotations-2.13.2.jar;C:\Users\Administrator\.m2\repository\com\fasterxml\jackson\core\jackson-core\2.13.2\jackson-core-2.13.2.jar;C:\Users\Administrator\.m2\repository\com\fasterxml\jackson\datatype\jackson-datatype-jdk8\2.13.2\jackson-datatype-jdk8-2.13.2.jar;C:\Users\Administrator\.m2\repository\com\fasterxml\jackson\datatype\jackson-datatype-jsr310\2.13.2\jackson-datatype-jsr310-2.13.2.jar;C:\Users\Administrator\.m2\repository\com\fasterxml\jackson\module\jackson-module-parameter-names\2.13.2\jackson-module-parameter-names-2.13.2.jar;C:\Users\Administrator\.m2\repository\org\springframework\boot\spring-boot-starter-tomcat\2.6.6\spring-boot-starter-tomcat-2.6.6.jar;C:\Users\Administrator\.m2\repository\org\apache\tomcat\embed\tomcat-embed-core\9.0.60\tomcat-embed-core-9.0.60.jar;C:\Users\Administrator\.m2\repository\org\apache\tomcat\embed\tomcat-embed-el\9.0.60\tomcat-embed-el-9.0.60.jar;C:\Users\Administrator\.m2\repository\org\apache\tomcat\embed\tomcat-embed-websocket\9.0.60\tomcat-embed-websocket-9.0.60.jar;C:\Users\Administrator\.m2\repository\org\springframework\spring-web\5.3.18\spring-web-5.3.18.jar;C:\Users\Administrator\.m2\repository\org\springframework\spring-beans\5.3.18\spring-beans-5.3.18.jar;C:\Users\Administrator\.m2\repository\org\springframework\spring-webmvc\5.3.18\spring-webmvc-5.3.18.jar;C:\Users\Administrator\.m2\repository\org\springframework\spring-aop\5.3.18\spring-aop-5.3.18.jar;C:\Users\Administrator\.m2\repository\org\springframework\spring-context\5.3.18\spring-context-5.3.18.jar;C:\Users\Administrator\.m2\repository\org\springframework\spring-expression\5.3.18\spring-expression-5.3.18.jar;C:\Users\Administrator\.m2\repository\org\springframework\boot\spring-boot-starter-test\2.6.6\spring-boot-starter-test-2.6.6.jar;C:\Users\Administrator\.m2\repository\org\springframework\boot\spring-boot-test\2.6.6\spring-boot-test-2.6.6.jar;C:\Users\Administrator\.m2\repository\org\springframework\boot\spring-boot-test-autoconfigure\2.6.6\spring-boot-test-autoconfigure-2.6.6.jar;C:\Users\Administrator\.m2\repository\com\jayway\jsonpath\json-path\2.6.0\json-path-2.6.0.jar;C:\Users\Administrator\.m2\repository\net\minidev\json-smart\2.4.8\json-smart-2.4.8.jar;C:\Users\Administrator\.m2\repository\net\minidev\accessors-smart\2.4.8\accessors-smart-2.4.8.jar;C:\Users\Administrator\.m2\repository\org\ow2\asm\asm\9.1\asm-9.1.jar;C:\Users\Administrator\.m2\repository\org\slf4j\slf4j-api\1.7.36\slf4j-api-1.7.36.jar;C:\Users\Administrator\.m2\repository\jakarta\xml\bind\jakarta.xml.bind-api\2.3.3\jakarta.xml.bind-api-2.3.3.jar;C:\Users\Administrator\.m2\repository\jakarta\activation\jakarta.activation-api\1.2.2\jakarta.activation-api-1.2.2.jar;C:\Users\Administrator\.m2\repository\org\assertj\assertj-core\3.21.0\assertj-core-3.21.0.jar;C:\Users\Administrator\.m2\repository\org\hamcrest\hamcrest\2.2\hamcrest-2.2.jar;C:\Users\Administrator\.m2\repository\org\junit\jupiter\junit-jupiter\5.8.2\junit-jupiter-5.8.2.jar;C:\Users\Administrator\.m2\repository\org\junit\jupiter\junit-jupiter-api\5.8.2\junit-jupiter-api-5.8.2.jar;C:\Users\Administrator\.m2\repository\org\opentest4j\opentest4j\1.2.0\opentest4j-1.2.0.jar;C:\Users\Administrator\.m2\repository\org\junit\platform\junit-platform-commons\1.8.2\junit-platform-commons-1.8.2.jar;C:\Users\Administrator\.m2\repository\org\apiguardian\apiguardian-api\1.1.2\apiguardian-api-1.1.2.jar;C:\Users\Administrator\.m2\repository\org\junit\jupiter\junit-jupiter-params\5.8.2\junit-jupiter-params-5.8.2.jar;C:\Users\Administrator\.m2\repository\org\junit\jupiter\junit-jupiter-engine\5.8.2\junit-jupiter-engine-5.8.2.jar;C:\Users\Administrator\.m2\repository\org\junit\platform\junit-platform-engine\1.8.2\junit-platform-engine-1.8.2.jar;C:\Users\Administrator\.m2\repository\org\mockito\mockito-core\4.0.0\mockito-core-4.0.0.jar;C:\Users\Administrator\.m2\repository\net\bytebuddy\byte-buddy\1.11.22\byte-buddy-1.11.22.jar;C:\Users\Administrator\.m2\repository\net\bytebuddy\byte-buddy-agent\1.11.22\byte-buddy-agent-1.11.22.jar;C:\Users\Administrator\.m2\repository\org\mockito\mockito-junit-jupiter\4.0.0\mockito-junit-jupiter-4.0.0.jar;C:\Users\Administrator\.m2\repository\org\skyscreamer\jsonassert\1.5.0\jsonassert-1.5.0.jar;C:\Users\Administrator\.m2\repository\com\vaadin\external\google\android-json\0.0.20131108.vaadin1\android-json-0.0.20131108.vaadin1.jar;C:\Users\Administrator\.m2\repository\org\springframework\spring-core\5.3.18\spring-core-5.3.18.jar;C:\Users\Administrator\.m2\repository\org\springframework\spring-jcl\5.3.18\spring-jcl-5.3.18.jar;C:\Users\Administrator\.m2\repository\org\springframework\spring-test\5.3.18\spring-test-5.3.18.jar;C:\Users\Administrator\.m2\repository\org\xmlunit\xmlunit-core\2.8.4\xmlunit-core-2.8.4.jar;C:\Users\Administrator\.m2\repository\org\springframework\boot\spring-boot-starter-data-mongodb\2.6.6\spring-boot-starter-data-mongodb-2.6.6.jar;C:\Users\Administrator\.m2\repository\org\mongodb\mongodb-driver-sync\4.4.2\mongodb-driver-sync-4.4.2.jar;C:\Users\Administrator\.m2\repository\org\mongodb\bson\4.4.2\bson-4.4.2.jar;C:\Users\Administrator\.m2\repository\org\mongodb\mongodb-driver-core\4.4.2\mongodb-driver-core-4.4.2.jar;C:\Users\Administrator\.m2\repository\org\springframework\data\spring-data-mongodb\3.3.3\spring-data-mongodb-3.3.3.jar;C:\Users\Administrator\.m2\repository\org\springframework\spring-tx\5.3.18\spring-tx-5.3.18.jar;C:\Users\Administrator\.m2\repository\org\springframework\data\spring-data-commons\2.6.3\spring-data-commons-2.6.3.jar;C:\Users\Administrator\.m2\repository\org\projectlombok\lombok\1.18.22\lombok-1.18.22.jar;C:\Users\Administrator\.m2\repository\com\alibaba\fastjson\1.2.80\fastjson-1.2.80.jar;C:\Users\Administrator\.m2\repository\com\squareup\okhttp3\okhttp\3.14.9\okhttp-3.14.9.jar;C:\Users\Administrator\.m2\repository\com\squareup\okio\okio\1.17.2\okio-1.17.2.jar;C:\Users\Administrator\.m2\repository\co\paralleluniverse\quasar-core\0.8.0\quasar-core-0.8.0.jar;C:\Users\Administrator\.m2\repository\io\dropwizard\metrics\metrics-core\4.2.9\metrics-core-4.2.9.jar;C:\Users\Administrator\.m2\repository\io\dropwizard\metrics\metrics-jmx\4.2.9\metrics-jmx-4.2.9.jar;C:\Users\Administrator\.m2\repository\com\google\errorprone\error_prone_annotations\2.3.2\error_prone_annotations-2.3.2.jar;C:\Users\Administrator\.m2\repository\com\google\guava\guava\26.0-jre\guava-26.0-jre.jar;C:\Users\Administrator\.m2\repository\com\google\code\findbugs\jsr305\3.0.2\jsr305-3.0.2.jar;C:\Users\Administrator\.m2\repository\com\google\j2objc\j2objc-annotations\1.1\j2objc-annotations-1.1.jar;C:\Users\Administrator\.m2\repository\org\codehaus\mojo\animal-sniffer-annotations\1.14\animal-sniffer-annotations-1.14.jar;C:\Users\Administrator\.m2\repository\org\hdrhistogram\HdrHistogram\2.1.10\HdrHistogram-2.1.10.jar;C:\Users\Administrator\.m2\repository\org\latencyutils\LatencyUtils\2.0.3\LatencyUtils-2.0.3.jar;C:\Users\Administrator\.m2\repository\org\objenesis\objenesis\2.6\objenesis-2.6.jar;C:\Users\Administrator\.m2\repository\com\esotericsoftware\kryo\4.0.2\kryo-4.0.2.jar;C:\Users\Administrator\.m2\repository\com\esotericsoftware\reflectasm\1.11.3\reflectasm-1.11.3.jar;C:\Users\Administrator\.m2\repository\com\esotericsoftware\minlog\1.3.0\minlog-1.3.0.jar;C:\Users\Administrator\.m2\repository\de\javakaffee\kryo-serializers\0.42\kryo-serializers-0.42.jar;C:\Users\Administrator\.m2\repository\org\springframework\boot\spring-boot-starter-mail\2.6.6\spring-boot-starter-mail-2.6.6.jar;C:\Users\Administrator\.m2\repository\org\springframework\spring-context-support\5.3.18\spring-context-support-5.3.18.jar;C:\Users\Administrator\.m2\repository\com\sun\mail\jakarta.mail\1.6.7\jakarta.mail-1.6.7.jar;C:\Users\Administrator\.m2\repository\com\sun\activation\jakarta.activation\1.2.2\jakarta.activation-1.2.2.jar;C:\Users\Administrator\.m2\repository\com\tencentcloudapi\tencentcloud-sdk-java\3.1.270\tencentcloud-sdk-java-3.1.270.jar;C:\Users\Administrator\.m2\repository\commons-logging\commons-logging\1.2\commons-logging-1.2.jar;C:\Users\Administrator\.m2\repository\com\squareup\okhttp\okhttp\2.5.0\okhttp-2.5.0.jar;C:\Users\Administrator\.m2\repository\com\google\code\gson\gson\2.8.9\gson-2.8.9.jar;C:\Users\Administrator\.m2\repository\javax\xml\bind\jaxb-api\2.3.1\jaxb-api-2.3.1.jar;C:\Users\Administrator\.m2\repository\javax\activation\javax.activation-api\1.2.0\javax.activation-api-1.2.0.jar;C:\Users\Administrator\.m2\repository\com\squareup\okhttp\logging-interceptor\2.7.5\logging-interceptor-2.7.5.jar;C:\Users\Administrator\.m2\repository\org\jsoup\jsoup\1.14.3\jsoup-1.14.3.jar;C:\Users\Administrator\.m2\repository\commons-io\commons-io\2.4\commons-io-2.4.jar;C:\Users\Administrator\.m2\repository\org\springframework\boot\spring-boot-configuration-processor\2.6.6\spring-boot-configuration-processor-2.6.6.jar;"/>
    <property name="sun.cpu.endian" value="little"/>
    <property name="user.home" value="C:\Users\Administrator"/>
    <property name="user.language" value="zh"/>
    <property name="java.specification.vendor" value="Oracle Corporation"/>
    <property name="java.home" value="D:\Environment\Java\jdk1.8.0_321\jre"/>
    <property name="basedir" value="F:\ccitserver"/>
    <property name="file.separator" value="\"/>
    <property name="line.separator" value="&#10;"/>
    <property name="java.vm.specification.vendor" value="Oracle Corporation"/>
    <property name="java.specification.name" value="Java Platform API Specification"/>
    <property name="java.awt.graphicsenv" value="sun.awt.Win32GraphicsEnvironment"/>
    <property name="surefire.real.class.path" value="C:\Users\ADMINI~1\AppData\Local\Temp\surefire5885962971594153668\surefirebooter7654658900685633081.jar"/>
    <property name="sun.boot.class.path" value="D:\Environment\Java\jdk1.8.0_321\jre\lib\resources.jar;D:\Environment\Java\jdk1.8.0_321\jre\lib\rt.jar;D:\Environment\Java\jdk1.8.0_321\jre\lib\sunrsasign.jar;D:\Environment\Java\jdk1.8.0_321\jre\lib\jsse.jar;D:\Environment\Java\jdk1.8.0_321\jre\lib\jce.jar;D:\Environment\Java\jdk1.8.0_321\jre\lib\charsets.jar;D:\Environment\Java\jdk1.8.0_321\jre\lib\jfr.jar;D:\Environment\Java\jdk1.8.0_321\jre\classes"/>
    <property name="user.script" value=""/>
    <property name="sun.management.compiler" value="HotSpot 64-Bit Tiered Compilers"/>
    <property name="java.runtime.version" value="1.8.0_321-b07"/>
    <property name="user.name" value="Administrator"/>
    <property name="path.separator" value=";"/>
    <property name="os.version" value="10.0"/>
    <property name="java.endorsed.dirs" value="D:\Environment\Java\jdk1.8.0_321\jre\lib\endorsed"/>
    <property name="java.runtime.name" value="Java(TM) SE Runtime Environment"/>
    <property name="file.encoding" value="GBK"/>
    <property name="java.vm.name" value="Java HotSpot(TM) 64-Bit Server VM"/>
    <property name="localRepository" value="C:\Users\Administrator\.m2\repository"/>
    <property name="java.vendor.url.bug" value="http://bugreport.sun.com/bugreport/"/>
    <property name="java.io.tmpdir" value="C:\Users\ADMINI~1\AppData\Local\Temp\"/>
    <property name="idea.version" value="2020.3.4"/>
    <property name="java.version" value="1.8.0_321"/>
    <property name="user.dir" value="F:\ccitserver"/>
    <property name="os.arch" value="amd64"/>
    <property name="java.vm.specification.name" value="Java Virtual Machine Specification"/>
    <property name="java.awt.printerjob" value="sun.awt.windows.WPrinterJob"/>
    <property name="sun.os.patch.level" value=""/>
    <property name="java.library.path" value="D:\Environment\Java\jdk1.8.0_321\jre\bin;C:\Windows\Sun\Java\bin;C:\Windows\system32;C:\Windows;C:\Program Files\Common Files\Oracle\Java\javapath;C:\Program Files (x86)\Common Files\Oracle\Java\javapath;C:\Windows\system32;C:\Windows;C:\Windows\System32\Wbem;C:\Windows\System32\WindowsPowerShell\v1.0\;C:\Windows\System32\OpenSSH\;D:\nodejs\;D:\Environment\Java\jdk-11.0.14\bin;D:\Environment\Java\jdk-11.0.14\jre\bin;D:\mysql-8.0.28-winx64\bin;C:\Program Files (x86)\NVIDIA Corporation\PhysX\Common;C:\Program Files\dotnet\;D:\sqlite;D:\Environment\MongoDB\Server\5.0\bin;D:\Environment\Git\cmd;C:\Program Files\Docker\Docker\resources\bin;C:\ProgramData\DockerDesktop\version-bin;C:\Users\Administrator\AppData\Local\Android\Sdk\platform-tools;D:\apache-maven-3.5.2\bin;;D:\微信web开发者工具\dll;D:\XShell\Xshell 7\;D:\XShell\Xftp 7\;C:\Users\Administrator\AppData\Local\Programs\Python\Python38\Scripts\;C:\Users\Administrator\AppData\Local\Programs\Python\Python38\;C:\Users\Administrator\AppData\Local\Microsoft\WindowsApps;C:\Users\Administrator\AppData\Roaming\npm;C:\Program Files (x86)\Tencent\QQGameTempest\Hall.57734\;C:\Users\Administrator\.dotnet\tools;D:\Fiddler;C:\Users\Administrator\AppData\Local\Programs\Microsoft VS Code\bin;."/>
    <property name="java.vm.info" value="mixed mode"/>
    <property name="java.vendor" value="Oracle Corporation"/>
    <property name="java.vm.version" value="25.321-b07"/>
    <property name="java.ext.dirs" value="D:\Environment\Java\jdk1.8.0_321\jre\lib\ext;C:\Windows\Sun\Java\lib\ext"/>
    <property name="sun.io.unicode.encoding" value="UnicodeLittle"/>
    <property name="java.class.version" value="52.0"/>
  </properties>
  <testcase name="timeTest" classname="vip.wqby.ccitserver.CcitserverApplicationTests" time="0.198"/>
  <testcase name="ibs" classname="vip.wqby.ccitserver.CcitserverApplicationTests" time="0.002"/>
  <testcase name="cpDaily" classname="vip.wqby.ccitserver.CcitserverApplicationTests" time="0.003"/>
  <testcase name="contextLoads" classname="vip.wqby.ccitserver.CcitserverApplicationTests" time="0.004"/>
  <testcase name="ibsTask" classname="vip.wqby.ccitserver.CcitserverApplicationTests" time="0.003"/>
</testsuite>